<?xml version="1.0" encoding="UTF-8"?>
<testng-results skipped="0" failed="0" total="1" passed="1">
  <reporter-output>
  </reporter-output>
  <suite name="Suite" duration-ms="65973" started-at="2019-01-14T14:34:30Z" finished-at="2019-01-14T14:35:36Z">
    <groups>
    </groups>
    <test name="Test" duration-ms="65973" started-at="2019-01-14T14:34:30Z" finished-at="2019-01-14T14:35:36Z">
      <class name="m_makemydemo2_test.check_flights_test">
        <test-method status="PASS" signature="search_flights()[pri:0, instance:m_makemydemo2_test.check_flights_test@1888ff2c]" name="search_flights" duration-ms="65898" started-at="2019-01-14T20:04:30Z" finished-at="2019-01-14T20:05:36Z">
          <reporter-output>
          </reporter-output>
        </test-method> <!-- search_flights -->
      </class> <!-- m_makemydemo2_test.check_flights_test -->
    </test> <!-- Test -->
  </suite> <!-- Suite -->
</testng-results>
